┍━━━━━━━━━━━━━━━━━━━━━━━━━━━━━━━━━━━━━━━━━━━━━━━━━━━━━━━━┯━━━━━━━━━━━━━━━━━━┯━━━━━━━━━━━━━━━━━━━┯━━━━━━━━━━━━━━━━━━┯━━━━━━━━━━━┑
│ Error type                                             │  Target          │  Training         │  Validation      │ Reached   │
┝━━━━━━━━━━━━━━━━━━━━━━━━━━━━━━━━━━━━━━━━━━━━━━━━━━━━━━━━┿━━━━━━━━━━━━━━━━━━┿━━━━━━━━━━━━━━━━━━━┿━━━━━━━━━━━━━━━━━━┿━━━━━━━━━━━┥
│ ADJ_PLUR_I                                             │ 0.500% | 98765   │  0.615% | 121448  │  0.631% | 6577   │ ✔         │
│ ADJ4ADV                                                │ 0.500% | 98765   │  0.616% | 121592  │  0.618% | 6433   │ ✔         │
│ ADJECTIVES                                             │ 4.000% | 790123  │  4.925% | 972879  │  4.927% | 51323  │ ✔         │
│ ADV_ADJ4ADJ_INFLEXION                                  │ 1.400% | 276543  │  0.862% | 170365  │  0.860% | 8954   │           │
│ ADV4ADJ                                                │ 0.200% | 39506   │  0.144% | 28360   │  0.142% | 1475   │           │
│ APOSTROF                                               │ 0.100% | 19753   │  0.053% | 10566   │  0.053% | 547    │           │
│ BINDESTREG                                             │ 0.200% | 39506   │  0.247% | 48698   │  0.241% | 2512   │ ✔         │
│ CASE_PREP                                              │ 0.500% | 98765   │  0.615% | 121539  │  0.623% | 6486   │ ✔         │
│ COMMA4CONJUNCTION                                      │ 0.100% | 19753   │  0.123% | 24299   │  0.125% | 1306   │ ✔         │
│ COMMON_REPLACE                                         │ 0.100% | 19753   │  0.123% | 24345   │  0.121% | 1260   │ ✔         │
│ CONTEXT                                                │ 0.500% | 98765   │  0.615% | 121550  │  0.622% | 6475   │ ✔         │
│ DOUBLE_CONSONANT                                       │ 1.000% | 197531  │  1.230% | 242988  │  1.254% | 13062  │ ✔         │
│ DEF4IND                                                │ 0.400% | 79012   │  0.000% | 0       │  0.000% | 0      │           │
│ Ð_FEJL_BYTTET_Ð                                        │ 2.000% | 395061  │  1.061% | 209560  │  1.055% | 10993  │           │
│ Ð_FEJL_MANGLER_Ð                                       │ 9.000% | 1777776 │ 10.834% | 2140016 │ 10.862% | 113144 │ ✔         │
│ Ð_FEJL_TILFØJET_Ð                                      │ 5.000% | 987653  │  6.156% | 1215973 │  6.171% | 64277  │ ✔         │
│ EGENNAVNE                                              │ 1.500% | 296296  │  0.000% | 0       │  0.000% | 0      │           │
│ ENDING                                                 │ 1.000% | 197531  │  1.231% | 243077  │  1.245% | 12973  │ ✔         │
│ EXTRA_ACCENT                                           │ 1.000% | 197531  │  1.230% | 243035  │  1.249% | 13015  │ ✔         │
│ EXTRA_INF_PART                                         │ 0.500% | 98765   │  0.461% | 91054   │  0.462% | 4808   │           │
│ EXTRA_PREP                                             │ 0.500% | 98765   │  0.615% | 121519  │  0.625% | 6507   │ ✔         │
│ EXTRA_WORD                                             │ 0.500% | 98765   │  0.615% | 121557  │  0.621% | 6468   │ ✔         │
│ FOLKENAVNE_HERRE_NAVNE                                 │ 0.500% | 98765   │  0.152% | 29942   │  0.152% | 1580   │           │
│ FOLKENAVNE_KVINDE_NAVNE                                │ 0.500% | 98765   │  0.070% | 13760   │  0.068% | 712    │           │
│ FORKORTELSES_PUNKTUM                                   │ 0.500% | 98765   │  0.008% | 1610    │  0.007% | 71     │           │
│ GÅSEØJNE                                               │ 0.500% | 98765   │  0.326% | 64433   │  0.334% | 3475   │           │
│ HESA_HESU                                              │ 0.500% | 98765   │  0.199% | 39295   │  0.197% | 2049   │           │
│ Í_ELLER_IÐ                                             │ 0.700% | 138271  │  0.861% | 170128  │  0.874% | 9107   │ ✔         │
│ IÐ                                                     │ 0.070% | 13827   │  0.027% | 5372    │  0.027% | 280    │           │
│ IND4DEF                                                │ 0.400% | 79012   │  0.492% | 97278   │  0.494% | 5142   │ ✔         │
│ INSERTED_COMMA                                         │ 3.000% | 592592  │  3.696% | 730022  │  3.660% | 38128  │ ✔         │
│ INSERTED_PERIOD                                        │ 3.000% | 592592  │  3.693% | 729419  │  3.718% | 38732  │ ✔         │
│ KOLON                                                  │ 0.500% | 98765   │  0.537% | 106117  │  0.542% | 5648   │ ✔         │
│ KOMMA                                                  │ 8.100% | 1599998 │  8.557% | 1690177 │  8.561% | 89173  │ ✔         │
│ MISSING_CONJUNCTION                                    │ 0.500% | 98765   │  0.615% | 121571  │  0.620% | 6454   │ ✔         │
│ MISSING_INF_PART                                       │ 0.500% | 98765   │  0.039% | 7708    │  0.042% | 441    │           │
│ MISSING_LETTER_PHON                                    │ 0.500% | 98765   │  0.001% | 221     │  0.000% | 5      │           │
│ MISSING_PREPOSITION                                    │ 1.500% | 296296  │  1.846% | 364661  │  1.864% | 19414  │ ✔         │
│ MISSING_SUBJECT                                        │ 1.500% | 296296  │  1.847% | 364880  │  1.843% | 19195  │ ✔         │
│ MISSING_WORD                                           │ 0.100% | 19753   │  0.123% | 24266   │  0.129% | 1339   │ ✔         │
│ NAVNE_MED_STORT                                        │ 1.000% | 197531  │  0.199% | 39291   │  0.202% | 2101   │           │
│ NON_WORD                                               │ 0.500% | 98765   │  0.616% | 121712  │  0.606% | 6313   │ ✔         │
│ NOUN4ADJ                                               │ 0.500% | 98765   │  0.010% | 2024    │  0.010% | 101    │           │
│ NOUNS                                                  │ 6.000% | 1185184 │  7.388% | 1459394 │  7.383% | 76906  │ ✔         │
│ NUMERAL_INFLECTION                                     │ 0.500% | 98765   │  0.615% | 121557  │  0.621% | 6468   │ ✔         │
│ ORD_DER_ENDER_MED_MEGIN_SKRIVES_I_ET                   │ 0.030% | 5926    │  0.012% | 2450    │  0.013% | 131    │           │
│ ORDENSTAL                                              │ 1.000% | 197531  │  0.695% | 137306  │  0.689% | 7181   │           │
│ PLURAL4SINGULAR                                        │ 0.500% | 98765   │  0.616% | 121712  │  0.606% | 6314   │ ✔         │
│ PUNCTUATION_MISSING_SPACE                              │ 1.000% | 197531  │  0.517% | 102042  │  0.521% | 5423   │           │
│ PUNKTUM                                                │ 5.200% | 1027159 │  6.404% | 1264906 │  6.389% | 66554  │ ✔         │
│ REP_A_AND_I                                            │ 0.500% | 98765   │  0.616% | 121599  │  0.617% | 6426   │ ✔         │
│ REP_A_TO_Æ                                             │ 0.100% | 19753   │  0.110% | 21699   │  0.113% | 1181   │ ✔         │
│ REP_Æ_TO_A                                             │ 0.500% | 98765   │  0.615% | 121568  │  0.620% | 6457   │ ✔         │
│ REP_Ð_AND_V                                            │ 0.500% | 98765   │  0.550% | 108664  │  0.540% | 5627   │ ✔         │
│ REP_G_AND_Ð                                            │ 0.500% | 98765   │  0.470% | 92794   │  0.472% | 4921   │           │
│ REP_GI_TO_GJI                                          │ 0.500% | 98765   │  0.051% | 10162   │  0.053% | 557    │           │
│ REP_I_AND_Y                                            │ 1.000% | 197531  │  1.232% | 243293  │  1.225% | 12757  │ ✔         │
│ REP_I_TO_U                                             │ 1.500% | 296296  │  0.967% | 191024  │  0.965% | 10053  │           │
│ REP_IR_AND_UR                                          │ 0.700% | 138271  │  0.082% | 16103   │  0.084% | 871    │           │
│ REP_KI_TO_KJI                                          │ 0.100% | 19753   │  0.100% | 19851   │  0.104% | 1087   │ ✔         │
│ REP_KS_TO_X                                            │ 0.100% | 19753   │  0.019% | 3700    │  0.019% | 201    │           │
│ REP_MANN_TO_MAN                                        │ 0.500% | 98765   │  0.022% | 4301    │  0.021% | 216    │           │
│ REP_Ø_AND_Ó                                            │ 0.100% | 19753   │  0.123% | 24331   │  0.122% | 1274   │ ✔         │
│ REP_RSK_AND_RK                                         │ 0.200% | 39506   │  0.029% | 5800    │  0.032% | 331    │           │
│ REP_S_TO_C                                             │ 0.200% | 39506   │  0.247% | 48779   │  0.233% | 2431   │ ✔         │
│ REP_TÍ_AND_TA                                          │ 0.100% | 19753   │  0.123% | 24344   │  0.121% | 1261   │ ✔         │
│ REP_U_TO_I                                             │ 1.000% | 197531  │  1.231% | 243251  │  1.229% | 12799  │ ✔         │
│ REP_UM_TO_UN                                           │ 0.500% | 98765   │  0.100% | 19823   │  0.094% | 983    │           │
│ REP_UN_TO_UM                                           │ 0.500% | 98765   │  0.352% | 69500   │  0.359% | 3744   │           │
│ REP_Ý_AND_Í                                            │ 1.000% | 197531  │  0.137% | 27142   │  0.135% | 1411   │           │
│ SAMMENSATTE_ORD                                        │ 2.000% | 395061  │  2.463% | 486502  │  2.457% | 25598  │ ✔         │
│ SEMIKOLON                                              │ 0.100% | 19753   │  0.105% | 20689   │  0.100% | 1040   │ ✔         │
│ SINGLE_CONSONANT                                       │ 1.000% | 197531  │  1.231% | 243161  │  1.237% | 12889  │ ✔         │
│ SINGULAR4PLURAL                                        │ 0.500% | 98765   │  0.352% | 69563   │  0.349% | 3637   │           │
│ SPØRGSMÅLSTEGN                                         │ 0.300% | 59259   │  0.340% | 67175   │  0.331% | 3446   │ ✔         │
│ START_MED_SMÅTT                                        │ 3.000% | 592592  │  0.606% | 119718  │  0.593% | 6172   │           │
│ START_MED_STORT                                        │ 1.000% | 197531  │  1.232% | 243266  │  1.227% | 12784  │ ✔         │
│ STEDORD                                                │ 3.000% | 592592  │  3.310% | 653905  │  3.295% | 34328  │ ✔         │
│ TAL_I_TUSINDER_BLIVER_DELT_MED_PUNKTUM_ELLER_MELLEMRUM │ 0.040% | 7901    │  0.015% | 3004    │  0.013% | 140    │           │
│ TAL_OVER_100_SKRIVES_IKKE_I_ET_ORD                     │ 0.020% | 3951    │  0.008% | 1537    │  0.009% | 93     │           │
│ TAL_UNDER_100_SKRIVES_I_ET_ORD                         │ 0.001% | 198     │  0.000% | 51      │  0.000% | 3      │           │
│ TYPO_DELETE                                            │ 1.000% | 197531  │  0.455% | 89829   │  0.456% | 4754   │           │
│ UDRÅBSTEGN                                             │ 0.200% | 39506   │  0.194% | 38333   │  0.201% | 2097   │ ✔         │
│ VERBS                                                  │ 6.600% | 1303702 │  8.131% | 1606112 │  8.046% | 83818  │ ✔         │
│ WRONG_PREPOSITION                                      │ 1.500% | 296296  │  1.847% | 364820  │  1.849% | 19256  │ ✔         │
┕━━━━━━━━━━━━━━━━━━━━━━━━━━━━━━━━━━━━━━━━━━━━━━━━━━━━━━━━┷━━━━━━━━━━━━━━━━━━┷━━━━━━━━━━━━━━━━━━━┷━━━━━━━━━━━━━━━━━━┷━━━━━━━━━━━┙
A total of 20794742 errors were generated.
The training set contains 3726292 lines.
The validation set contains 196121 lines, which is approximately 5.00% of the total dataset.
----------------------------------------------------------------------------------------------------
Args:
- Validation ratio: 5.00%
- Multiplier(s):
    fo_v4.jsonl: 1
- Unchanged percentage: 10.00%
- Max errors per line: 12
- Language: faroese